<?xml version="1.0" encoding="UTF-8"?>
<!-- Generated by org.testng.reporters.JUnitXMLReporter -->
<testsuite ignored="1" hostname="DESKTOP-15736GN" failures="1" tests="2" name="ChromeBrowser" time="53.866" errors="0" timestamp="2022-05-22T23:14:42 PDT">
  <testcase classname="testmyntra.AmazonHeadersTestClass" name="ClickOnGiftCart" time="10.979">
    <failure type="java.lang.AssertionError" message="expected [https://www.amazon.in/gift-card-store/b/?ie=UTF8&amp;amp;node=3704982031&amp;amp;ref_=nav_cs_gc] but found [https://www.amazon.in/gp/buyagain?ie=UTF8&amp;amp;ref_=nav_cs_buy_again]">
      <![CDATA[java.lang.AssertionError: expected [https://www.amazon.in/gift-card-store/b/?ie=UTF8&node=3704982031&ref_=nav_cs_gc] but found [https://www.amazon.in/gp/buyagain?ie=UTF8&ref_=nav_cs_buy_again]
at testmyntra.AmazonHeadersTestClass.ClickOnGiftCart(AmazonHeadersTestClass.java:97)
at java.base/java.util.ArrayList.forEach(ArrayList.java:1511)
... Removed 33 stack frames]]>
    </failure>
  </testcase> <!-- ClickOnGiftCart -->
  <testcase classname="testmyntra.AmazonHeadersTestClass" name="ClickOnBuyAgain" time="18.896"/>
  <testcase classname="testmyntra.AmazonHeadersTestClass" name="ClickOnFresh" time="0.0">
    <ignored/>
  </testcase> <!-- ClickOnFresh -->
</testsuite> <!-- ChromeBrowser -->
