<?xml version="1.0" encoding="UTF-8"?>
<!-- Generated by org.testng.reporters.JUnitXMLReporter -->
<testsuite ignored="1" hostname="DESKTOP-15736GN" failures="0" tests="2" name="OperaBrowser" time="12.864" errors="0" timestamp="2022-05-22T23:14:55 PDT">
  <testcase classname="testmyntra.AmazonHeadersTestClass" name="@BeforeTest lounchBrowser" time="12.803">
    <failure type="org.openqa.selenium.SessionNotCreatedException" message="session not created: This version of OperaDriver only supports Opera version 99
Current browser version is 101.0.4951.64 with binary path C:\Users\Sumedh\AppData\Local\Programs\Opera\87.0.4390.25\opera.exe
  (Driver info: operadriver=99.0.4844.51 (d537ec02474b5afe23684e7963d538896c63ac77-refs/branch-heads/4844@{#875}),platform=Windows NT 10.0.19044 x86_64) (WARNING: The server did not provide any stacktrace information)
Command duration or timeout: 11.97 seconds
Build info: version: &amp;apos;3.141.59&amp;apos;, revision: &amp;apos;e82be7d358&amp;apos;, time: &amp;apos;2018-11-14T08:17:03&amp;apos;
System info: host: &amp;apos;DESKTOP-15736GN&amp;apos;, ip: &amp;apos;192.168.43.12&amp;apos;, os.name: &amp;apos;Windows 10&amp;apos;, os.arch: &amp;apos;amd64&amp;apos;, os.version: &amp;apos;10.0&amp;apos;, java.version: &amp;apos;17.0.2&amp;apos;
Driver info: driver.version: OperaDriver">
      <![CDATA[org.openqa.selenium.SessionNotCreatedException: session not created: This version of OperaDriver only supports Opera version 99
Current browser version is 101.0.4951.64 with binary path C:\Users\Sumedh\AppData\Local\Programs\Opera\87.0.4390.25\opera.exe
  (Driver info: operadriver=99.0.4844.51 (d537ec02474b5afe23684e7963d538896c63ac77-refs/branch-heads/4844@{#875}),platform=Windows NT 10.0.19044 x86_64) (WARNING: The server did not provide any stacktrace information)
Command duration or timeout: 11.97 seconds
Build info: version: '3.141.59', revision: 'e82be7d358', time: '2018-11-14T08:17:03'
System info: host: 'DESKTOP-15736GN', ip: '192.168.43.12', os.name: 'Windows 10', os.arch: 'amd64', os.version: '10.0', java.version: '17.0.2'
Driver info: driver.version: OperaDriver
at org.openqa.selenium.remote.ErrorHandler.createThrowable(ErrorHandler.java:214)
at org.openqa.selenium.remote.ErrorHandler.throwIfResponseFailed(ErrorHandler.java:166)
at org.openqa.selenium.remote.JsonWireProtocolResponse.lambda$errorHandler$0(JsonWireProtocolResponse.java:54)
at org.openqa.selenium.remote.HandshakeResponse.lambda$getResponseFunction$0(HandshakeResponse.java:30)
at org.openqa.selenium.remote.ProtocolHandshake.lambda$createSession$0(ProtocolHandshake.java:126)
at java.base/java.util.stream.ReferencePipeline$3$1.accept(ReferencePipeline.java:197)
at java.base/java.util.Spliterators$ArraySpliterator.tryAdvance(Spliterators.java:1002)
at java.base/java.util.stream.ReferencePipeline.forEachWithCancel(ReferencePipeline.java:129)
at java.base/java.util.stream.AbstractPipeline.copyIntoWithCancel(AbstractPipeline.java:527)
at java.base/java.util.stream.AbstractPipeline.copyInto(AbstractPipeline.java:513)
at java.base/java.util.stream.AbstractPipeline.wrapAndCopyInto(AbstractPipeline.java:499)
at java.base/java.util.stream.FindOps$FindOp.evaluateSequential(FindOps.java:150)
at java.base/java.util.stream.AbstractPipeline.evaluate(AbstractPipeline.java:234)
at java.base/java.util.stream.ReferencePipeline.findFirst(ReferencePipeline.java:647)
at org.openqa.selenium.remote.ProtocolHandshake.createSession(ProtocolHandshake.java:128)
at org.openqa.selenium.remote.ProtocolHandshake.createSession(ProtocolHandshake.java:74)
at org.openqa.selenium.remote.HttpCommandExecutor.execute(HttpCommandExecutor.java:136)
at org.openqa.selenium.remote.service.DriverCommandExecutor.execute(DriverCommandExecutor.java:83)
at org.openqa.selenium.remote.RemoteWebDriver.execute(RemoteWebDriver.java:552)
at org.openqa.selenium.remote.RemoteWebDriver.startSession(RemoteWebDriver.java:213)
at org.openqa.selenium.remote.RemoteWebDriver.<init>(RemoteWebDriver.java:131)
at org.openqa.selenium.opera.OperaDriver.<init>(OperaDriver.java:173)
at org.openqa.selenium.opera.OperaDriver.<init>(OperaDriver.java:160)
at org.openqa.selenium.opera.OperaDriver.<init>(OperaDriver.java:115)
at browserSetting.Base.openOperaBrowser(Base.java:21)
at testmyntra.AmazonHeadersTestClass.lounchBrowser(AmazonHeadersTestClass.java:43)
... Removed 29 stack frames]]>
    </failure>
  </testcase> <!-- @BeforeTest lounchBrowser -->
  <testcase classname="testmyntra.AmazonHeadersTestClass" name="@BeforeClass LounchBrouser" time="-1.653286495748E9">
    <skipped/>
  </testcase> <!-- @BeforeClass LounchBrouser -->
  <testcase classname="testmyntra.AmazonHeadersTestClass" name="@BeforeMethod loginUserAmazon" time="-1.653286495753E9">
    <skipped/>
  </testcase> <!-- @BeforeMethod loginUserAmazon -->
  <testcase classname="testmyntra.AmazonHeadersTestClass" name="@AfterMethod logoutFromApplication" time="-1.653286495765E9">
    <skipped/>
  </testcase> <!-- @AfterMethod logoutFromApplication -->
  <testcase classname="testmyntra.AmazonHeadersTestClass" name="@BeforeMethod loginUserAmazon" time="-1.653286495771E9">
    <skipped/>
  </testcase> <!-- @BeforeMethod loginUserAmazon -->
  <testcase classname="testmyntra.AmazonHeadersTestClass" name="@AfterMethod logoutFromApplication" time="-1.653286495783E9">
    <skipped/>
  </testcase> <!-- @AfterMethod logoutFromApplication -->
  <testcase classname="testmyntra.AmazonHeadersTestClass" name="@AfterClass clearPOMobjects" time="-1.653286495786E9">
    <skipped/>
  </testcase> <!-- @AfterClass clearPOMobjects -->
  <testcase classname="testmyntra.AmazonHeadersTestClass" name="@AfterTest closeBrowser" time="-1.65328649579E9">
    <skipped/>
  </testcase> <!-- @AfterTest closeBrowser -->
  <testcase classname="testmyntra.AmazonHeadersTestClass" name="ClickOnGiftCart" time="0.0">
    <skipped/>
  </testcase> <!-- ClickOnGiftCart -->
  <testcase classname="testmyntra.AmazonHeadersTestClass" name="ClickOnBuyAgain" time="0.0">
    <skipped/>
  </testcase> <!-- ClickOnBuyAgain -->
  <testcase classname="testmyntra.AmazonHeadersTestClass" name="ClickOnFresh" time="0.0">
    <ignored/>
  </testcase> <!-- ClickOnFresh -->
</testsuite> <!-- OperaBrowser -->
